<?xml version="1.0" encoding="UTF-8"?>
<!-- Generated by org.testng.reporters.JUnitXMLReporter -->
<testsuite hostname="LAPTOP-UOKG54JE" name="Default test" tests="6" failures="0" timestamp="27 Sep 2020 06:20:21 GMT" time="81.002" errors="0">
  <testcase name="searchFlight" time="2.696" classname="Demo.DemoTest.ClearTripFlight"/>
  <testcase name="filteroutFlights" time="16.111" classname="Demo.DemoTest.ClearTripFlight"/>
  <testcase name="switchToChildW" time="3.902" classname="Demo.DemoTest.ClearTripFlight"/>
  <testcase name="confirmBooking" time="8.816" classname="Demo.DemoTest.ClearTripFlight"/>
  <testcase name="travellersDetails" time="4.065" classname="Demo.DemoTest.ClearTripFlight"/>
  <testcase name="paymentDetails" time="34.96" classname="Demo.DemoTest.ClearTripFlight"/>
</testsuite> <!-- Default test -->
